2016-03-24 11:40:14 ERROR AvailableLibraries:52 - tried to extract library from null
2016-03-24 11:50:30 ERROR AvailableLibraries:52 - tried to extract library from null
2016-03-24 11:50:30 INFO  FollowedLibraries:43 - tu
2016-03-24 11:50:34 ERROR AvailableLibraries:52 - tried to extract library from null
2016-03-24 11:50:34 INFO  FollowedLibraries:43 - tu
2016-03-24 11:50:36 ERROR AvailableLibraries:52 - tried to extract library from null
2016-03-24 11:50:36 INFO  FollowedLibraries:43 - tu
2016-03-24 11:50:39 ERROR AvailableLibraries:52 - tried to extract library from null
2016-03-24 11:51:14 ERROR AvailableLibraries:52 - tried to extract library from null
2016-03-24 11:51:14 ERROR FollowedLibraries:43 - tried to extract library from null string
2016-03-24 11:51:54 ERROR AvailableLibraries:52 - tried to extract library from null
2016-03-24 11:51:54 ERROR FollowedLibraries:43 - tried to extract library from null string
2016-03-24 11:51:55 ERROR AvailableLibraries:52 - tried to extract library from null
2016-03-24 11:51:55 ERROR FollowedLibraries:43 - tried to extract library from null string
2016-03-24 11:52:13 ERROR AvailableLibraries:52 - tried to extract library from null
2016-03-24 11:52:13 ERROR FollowedLibraries:43 - tried to extract library from null string
2016-03-24 11:52:14 ERROR AvailableLibraries:52 - tried to extract library from null
2016-03-24 11:52:14 ERROR FollowedLibraries:43 - tried to extract library from null string
2016-03-24 11:52:49 ERROR AvailableLibraries:52 - tried to extract library from null
2016-03-24 11:52:49 ERROR FollowedLibraries:43 - tried to extract library from null
2016-03-24 12:47:43 ERROR AvailableLibraries:52 - tried to extract library from null
2016-03-24 12:47:43 ERROR FollowedLibraries:43 - tried to extract library from null
2016-03-24 12:48:00 ERROR Controller:107 - wrong adress inputed
2016-03-24 12:49:00 ERROR Controller:107 - wrong adress inputed
2016-03-24 13:00:09 INFO  Controller:100 - wrong adress inputed
2016-03-24 13:00:17 INFO  Controller:100 - wrong adress inputed
2016-03-24 13:01:14 INFO  Controller:100 - wrong adress inputed
2016-03-24 13:01:20 ERROR AvailableLibraries:52 - tried to extract library from null
2016-03-24 13:01:20 ERROR FollowedLibraries:43 - tried to extract library from null
2016-03-24 13:16:46 ERROR AvailableLibraries:52 - tried to extract library from null
2016-03-24 13:16:46 ERROR FollowedLibraries:43 - tried to extract library from null
2016-03-24 13:19:58 INFO  Controller:100 - wrong adress inputed
